This is pdfTeX, Version 3.141592653-2.6-1.40.24 (TeX Live 2022/Debian) (preloaded format=pdflatex 2024.6.13)  24 JUN 2024 01:14
entering extended mode
 restricted \write18 enabled.
 %&-line parsing enabled.
**main.c
(./main.c
LaTeX2e <2022-11-01> patch level 1
L3 programming layer <2023-01-16>
! You can't use `macro parameter character #' in vertical mode.
l.1 #
     include <stdio.h>
? 
! Emergency stop.
l.1 
    
End of file on the terminal!

 
Here is how much of TeX's memory you used:
 17 strings out of 477948
 376 string characters out of 5837990
 1849330 words of memory out of 5000000
 20261 multiletter control sequences out of 15000+600000
 512287 words of font info for 32 fonts, out of 8000000 for 9000
 62 hyphenation exceptions out of 8191
 13i,0n,12p,56b,10s stack positions out of 10000i,1000n,20000p,200000b,200000s
!  ==> Fatal error occurred, no output PDF file produced!
